0 info it worked if it ends with ok
1 verbose cli [ '/usr/local/bin/iojs',
1 verbose cli   '/usr/local/bin/npm',
1 verbose cli   'unpublish',
1 verbose cli   '--force',
1 verbose cli   'ny@1.3.3' ]
2 info using npm@2.3.0
3 info using node@v1.0.4
4 warn using --force I sure hope you know what you are doing.
5 silly unpublish args[0] ny@1.3.3
6 silly unpublish thing { raw: 'ny@1.3.3',
6 silly unpublish   scope: null,
6 silly unpublish   name: 'ny',
6 silly unpublish   rawSpec: '1.3.3',
6 silly unpublish   spec: '1.3.3',
6 silly unpublish   type: 'version' }
7 silly ls normalized ny/1.3.3
8 verbose gentlyRm vacuuming /Users/apx/.npm/ny/1.3.3
9 silly gentlyRm purging /Users/apx/.npm/ny/1.3.3
10 silly gentlyRm quitting because other entries in /Users/apx/.npm/ny
11 silly mapToRegistry name ny
12 silly mapToRegistry using default registry
13 silly mapToRegistry registry https://registry.npmjs.org/
14 silly mapToRegistry uri https://registry.npmjs.org/ny
15 verbose request uri https://registry.npmjs.org/ny?write=true
16 verbose request no auth needed
17 info attempt registry request try #1 at 21:46:52
18 verbose request id 566ba6ff5541b915
19 http request GET https://registry.npmjs.org/ny?write=true
20 http 200 https://registry.npmjs.org/ny?write=true
21 silly get cb [ 200,
21 silly get   { date: 'Tue, 27 Jan 2015 20:46:52 GMT',
21 silly get     server: 'CouchDB/1.5.0 (Erlang OTP/R16B03)',
21 silly get     etag: '"902GFZS7ZL65KJDDS2L17SK2K"',
21 silly get     'content-type': 'application/json',
21 silly get     'cache-control': 'max-age=0',
21 silly get     'content-length': '7813',
21 silly get     'accept-ranges': 'bytes',
21 silly get     via: '1.1 varnish',
21 silly get     age: '0',
21 silly get     'x-served-by': 'cache-ams4126-AMS',
21 silly get     'x-cache': 'MISS',
21 silly get     'x-cache-hits': '0',
21 silly get     'x-timer': 'S1422391611.576300,VS0,VE653',
21 silly get     vary: 'Accept',
21 silly get     'keep-alive': 'timeout=10, max=50',
21 silly get     connection: 'Keep-Alive' } ]
22 verbose unpublish removing attachments { shasum: 'ad9e6e51a2bc82ffdb81f96e93827f61e5e1d616',
22 verbose unpublish   tarball: 'http://registry.npmjs.org/ny/-/ny-1.3.3.tgz' }
23 verbose request uri https://registry.npmjs.org/ny/-rev/14-82eaa9a7d118698262238016b2c0edf7
24 verbose request sending authorization for write operation
25 info attempt registry request try #1 at 21:46:53
26 http request PUT https://registry.npmjs.org/ny/-rev/14-82eaa9a7d118698262238016b2c0edf7
27 http 201 https://registry.npmjs.org/ny/-rev/14-82eaa9a7d118698262238016b2c0edf7
28 verbose request invalidating /Users/apx/.npm/registry.npmjs.org/ny on PUT
29 verbose request uri https://registry.npmjs.org/ny
30 verbose request no auth needed
31 info attempt registry request try #1 at 21:46:54
32 http request GET https://registry.npmjs.org/ny
33 http 200 https://registry.npmjs.org/ny
34 silly get cb [ 200,
34 silly get   { date: 'Tue, 27 Jan 2015 20:46:53 GMT',
34 silly get     server: 'CouchDB/1.5.0 (Erlang OTP/R16B03)',
34 silly get     etag: '"902GFZS7ZL65KJDDS2L17SK2K"',
34 silly get     'content-type': 'application/json',
34 silly get     'cache-control': 'max-age=60',
34 silly get     'content-length': '7813',
34 silly get     'accept-ranges': 'bytes',
34 silly get     via: '1.1 varnish',
34 silly get     age: '6',
34 silly get     'x-served-by': 'cache-ams4126-AMS',
34 silly get     'x-cache': 'HIT',
34 silly get     'x-cache-hits': '1',
34 silly get     'x-timer': 'S1422391613.158017,VS0,VE0',
34 silly get     vary: 'Accept',
34 silly get     'keep-alive': 'timeout=10, max=48',
34 silly get     connection: 'Keep-Alive' } ]
35 info detach /ny/-/ny-1.3.3.tgz/-rev/14-82eaa9a7d118698262238016b2c0edf7
36 verbose request uri https://registry.npmjs.org/ny/-/ny-1.3.3.tgz/-rev/14-82eaa9a7d118698262238016b2c0edf7
37 verbose request sending authorization for write operation
38 info attempt registry request try #1 at 21:46:54
39 http request DELETE https://registry.npmjs.org/ny/-/ny-1.3.3.tgz/-rev/14-82eaa9a7d118698262238016b2c0edf7
40 http 409 https://registry.npmjs.org/ny/-/ny-1.3.3.tgz/-rev/14-82eaa9a7d118698262238016b2c0edf7
41 verbose headers { date: 'Tue, 27 Jan 2015 20:46:53 GMT',
41 verbose headers   server: 'CouchDB/1.5.0 (Erlang OTP/R16B03)',
41 verbose headers   'content-type': 'application/json',
41 verbose headers   'cache-control': 'max-age=60',
41 verbose headers   'content-length': '58',
41 verbose headers   'accept-ranges': 'bytes',
41 verbose headers   via: '1.1 varnish',
41 verbose headers   'x-served-by': 'cache-ams4126-AMS',
41 verbose headers   'x-cache': 'MISS',
41 verbose headers   'x-cache-hits': '0',
41 verbose headers   'x-timer': 'S1422391613.256219,VS0,VE161',
41 verbose headers   'keep-alive': 'timeout=10, max=47',
41 verbose headers   connection: 'Keep-Alive' }
42 verbose request invalidating /Users/apx/.npm/registry.npmjs.org/ny/-/ny-1.3.3.tgz on DELETE
43 verbose stack Error: conflict Document update conflict.: ny,-,ny-1.3.3.tgz,-rev,14-82eaa9a7d118698262238016b2c0edf7
43 verbose stack     at CachingRegistryClient.<anonymous> (/usr/local/lib/node_modules/npm/node_modules/npm-registry-client/lib/request.js:254:14)
43 verbose stack     at Request._callback (/usr/local/lib/node_modules/npm/node_modules/npm-registry-client/lib/request.js:178:14)
43 verbose stack     at Request.self.callback (/usr/local/lib/node_modules/npm/node_modules/request/request.js:373:22)
43 verbose stack     at Request.emit (events.js:101:17)
43 verbose stack     at Request.<anonymous> (/usr/local/lib/node_modules/npm/node_modules/request/request.js:1318:14)
43 verbose stack     at Request.emit (events.js:120:20)
43 verbose stack     at IncomingMessage.<anonymous> (/usr/local/lib/node_modules/npm/node_modules/request/request.js:1266:12)
43 verbose stack     at IncomingMessage.emit (events.js:120:20)
43 verbose stack     at _stream_readable.js:888:16
43 verbose stack     at process._tickCallback (node.js:337:11)
44 verbose statusCode 409
45 verbose pkgid ny
46 verbose cwd /Users/apx/Desktop/ny
47 error Darwin 14.1.0
48 error argv "/usr/local/bin/iojs" "/usr/local/bin/npm" "unpublish" "--force" "ny@1.3.3"
49 error node v1.0.4
50 error npm  v2.3.0
51 error code E409
52 error conflict Document update conflict.: ny,-,ny-1.3.3.tgz,-rev,14-82eaa9a7d118698262238016b2c0edf7
53 error If you need help, you may report this error at:
53 error     <http://github.com/npm/npm/issues>
54 verbose exit [ 1, true ]
